#
# A fatal error has been detected by the Java Runtime Environment:
#
#  EXCEPTION_ACCESS_VIOLATION (0xc0000005) at pc=0x000000007254f01d, pid=7696, tid=0x0000000000001ed0
#
# JRE version: Java(TM) SE Runtime Environment (8.0_92-b14) (build 1.8.0_92-b14)
# Java VM: Java HotSpot(TM) 64-Bit Server VM (25.92-b14 mixed mode windows-amd64 compressed oops)
# Problematic frame:
# V  [jvm.dll+0x50f01d]
#
# Failed to write core dump. Minidumps are not enabled by default on client versions of Windows
#
# If you would like to submit a bug report, please visit:
#   http://bugreport.java.com/bugreport/crash.jsp
#

---------------  T H R E A D  ---------------

Current thread (0x000000001537c000):  JavaThread "C2 CompilerThread2" daemon [_thread_in_native, id=7888, stack(0x0000000017c50000,0x0000000017d50000)]

siginfo: ExceptionCode=0xc0000005, reading address 0x000000000963967c

Registers:
RAX=0x0000000009639630, RBX=0x0000000000000070, RCX=0x0000000000000649, RDX=0x0000000000000000
RSP=0x0000000017d4bc80, RBP=0x0000000017d4bd80, RSI=0x000000001969e040, RDI=0x000000001962cce0
R8 =0x0000000000000002, R9 =0x0000000000000003, R10=0x0000000000000003, R11=0x00000000000000a8
R12=0x0000000000000000, R13=0x0000000017d4c300, R14=0x0000000019639500, R15=0xffffffffe69d3320
RIP=0x000000007254f01d, EFLAGS=0x0000000000010202

Top of Stack: (sp=0x0000000017d4bc80)
0x0000000017d4bc80:   0000000019000dd8 000000001980fe18
0x0000000017d4bc90:   000000001980fe18 0000000017d4bd80
0x0000000017d4bca0:   00000000000006b5 00000000000006b2
0x0000000017d4bcb0:   0000000019047f01 0000000017d4bf00
0x0000000017d4bcc0:   0000000017d4bec0 0000000000000000
0x0000000017d4bcd0:   0000000000000005 0000000019639540
0x0000000017d4bce0:   0000000000000001 0000000000000001
0x0000000017d4bcf0:   000000001962ce30 000000010000002a
0x0000000017d4bd00:   000004a400000000 0000000017d4c050
0x0000000017d4bd10:   000000000000000f 0000000019043fe0
0x0000000017d4bd20:   0000000000000000 000004a40000002a
0x0000000017d4bd30:   0000000017d4c050 000000000000000f
0x0000000017d4bd40:   0000000019042d50 0000000000000001
0x0000000017d4bd50:   000000001962cce0 000000001811c970
0x0000000017d4bd60:   ffffffffe69d3320 00000000000003d8
0x0000000017d4bd70:   000000001811cd48 000000001811c960 

Instructions: (pc=0x000000007254f01d)
0x000000007254effd:   40 48 45 32 ed 45 32 f6 48 8b 70 68 e8 22 fd f3
0x000000007254f00d:   ff 49 8d 14 3f 8b 48 28 48 89 55 18 48 8b 04 ce
0x000000007254f01d:   8b 48 4c 48 8b 45 60 48 8b 04 c8 48 8b 1c 02 48
0x000000007254f02d:   8b 45 58 48 8b 04 c8 48 8b 4c 24 58 4c 8b fb 41 


Register to memory mapping:

RAX=0x0000000009639630 is an unknown value
RBX=0x0000000000000070 is an unknown value
RCX=0x0000000000000649 is an unknown value
RDX=0x0000000000000000 is an unknown value
RSP=0x0000000017d4bc80 is pointing into the stack for thread: 0x000000001537c000
RBP=0x0000000017d4bd80 is pointing into the stack for thread: 0x000000001537c000
RSI=0x000000001969e040 is an unknown value
RDI=0x000000001962cce0 is an unknown value
R8 =0x0000000000000002 is an unknown value
R9 =0x0000000000000003 is an unknown value
R10=0x0000000000000003 is an unknown value
R11=0x00000000000000a8 is an unknown value
R12=0x0000000000000000 is an unknown value
R13=0x0000000017d4c300 is pointing into the stack for thread: 0x000000001537c000
R14=0x0000000019639500 is an unknown value
R15=0xffffffffe69d3320 is an unknown value


Stack: [0x0000000017c50000,0x0000000017d50000],  sp=0x0000000017d4bc80,  free space=1007k
Native frames: (J=compiled Java code, j=interpreted, Vv=VM code, C=native code)
V  [jvm.dll+0x50f01d]
V  [jvm.dll+0x4652c6]
V  [jvm.dll+0x47042b]
V  [jvm.dll+0x472c28]
V  [jvm.dll+0x455b42]
V  [jvm.dll+0xa50a2]
V  [jvm.dll+0xa59df]
V  [jvm.dll+0x244314]
V  [jvm.dll+0x29b34a]
C  [msvcr100.dll+0x21d9f]
C  [msvcr100.dll+0x21e3b]
C  [KERNEL32.DLL+0x13d2]
C  [ntdll.dll+0x154e4]


Current CompileTask:
C2:    952 1296       4       com.android.dx.ssa.back.LivenessAnalyzer::run (231 bytes)


---------------  P R O C E S S  ---------------

Java Threads: ( => current thread )
  0x0000000018103800 JavaThread "pool-1-thread-4" [_thread_in_Java, id=8012, stack(0x0000000018c50000,0x0000000018d50000)]
  0x00000000175f4000 JavaThread "pool-1-thread-3" [_thread_in_Java, id=8008, stack(0x0000000018b50000,0x0000000018c50000)]
  0x00000000175ee000 JavaThread "pool-1-thread-2" [_thread_in_Java, id=8004, stack(0x0000000018a50000,0x0000000018b50000)]
  0x0000000017540800 JavaThread "pool-2-thread-1" [_thread_blocked, id=8000, stack(0x0000000018950000,0x0000000018a50000)]
  0x0000000017540000 JavaThread "pool-1-thread-1" [_thread_in_Java, id=7996, stack(0x0000000018850000,0x0000000018950000)]
  0x0000000017293000 JavaThread "Service Thread" daemon [_thread_blocked, id=7896, stack(0x0000000017e50000,0x0000000017f50000)]
  0x00000000172b9000 JavaThread "C1 CompilerThread3" daemon [_thread_in_vm, id=7892, stack(0x0000000017d50000,0x0000000017e50000)]
=>0x000000001537c000 JavaThread "C2 CompilerThread2" daemon [_thread_in_native, id=7888, stack(0x0000000017c50000,0x0000000017d50000)]
  0x0000000017290800 JavaThread "C2 CompilerThread1" daemon [_thread_in_native, id=7884, stack(0x0000000017b50000,0x0000000017c50000)]
  0x000000001728a800 JavaThread "C2 CompilerThread0" daemon [_thread_in_native, id=7880, stack(0x0000000017a50000,0x0000000017b50000)]
  0x0000000017289800 JavaThread "Attach Listener" daemon [_thread_blocked, id=7876, stack(0x0000000017950000,0x0000000017a50000)]
  0x0000000017287800 JavaThread "Signal Dispatcher" daemon [_thread_blocked, id=7872, stack(0x0000000017850000,0x0000000017950000)]
  0x000000001536d000 JavaThread "Finalizer" daemon [_thread_blocked, id=7864, stack(0x0000000017660000,0x0000000017760000)]
  0x0000000002845000 JavaThread "Reference Handler" daemon [_thread_blocked, id=7860, stack(0x0000000017160000,0x0000000017260000)]
  0x0000000002750800 JavaThread "main" [_thread_in_Java, id=7788, stack(0x0000000002650000,0x0000000002750000)]

Other Threads:
  0x0000000015368800 VMThread [stack: 0x0000000017060000,0x0000000017160000] [id=7856]
  0x0000000017343000 WatcherThread [stack: 0x0000000017f50000,0x0000000018050000] [id=7900]

VM state:not at safepoint (normal execution)

VM Mutex/Monitor currently owned by a thread: None

Heap:
 PSYoungGen      total 71680K, used 47366K [0x00000000eab00000, 0x00000000f3700000, 0x0000000100000000)
  eden space 66560K, 63% used [0x00000000eab00000,0x00000000ed441a00,0x00000000eec00000)
  from space 5120K, 99% used [0x00000000eec00000,0x00000000ef0fff70,0x00000000ef100000)
  to   space 5120K, 0% used [0x00000000f3200000,0x00000000f3200000,0x00000000f3700000)
 ParOldGen       total 87552K, used 5208K [0x00000000c0000000, 0x00000000c5580000, 0x00000000eab00000)
  object space 87552K, 5% used [0x00000000c0000000,0x00000000c0516058,0x00000000c5580000)
 Metaspace       used 6180K, capacity 7088K, committed 7296K, reserved 1056768K
  class space    used 602K, capacity 616K, committed 640K, reserved 1048576K

Card table byte_map: [0x0000000011c10000,0x0000000011e20000] byte_map_base: 0x0000000011610000

Marking Bits: (ParMarkBitMap*) 0x00000000728564f0
 Begin Bits: [0x0000000012780000, 0x0000000013780000)
 End Bits:   [0x0000000013780000, 0x0000000014780000)

Polling page: 0x0000000002500000

CodeCache: size=245760Kb used=5214Kb max_used=5214Kb free=240545Kb
 bounds [0x0000000002850000, 0x0000000002d70000, 0x0000000011850000]
 total_blobs=1637 nmethods=1369 adapters=182
 compilation: enabled

Compilation events (10 events):
Event: 0.897 Thread 0x00000000172b9000 nmethod 1355 0x0000000002d1d3d0 code [0x0000000002d1d540, 0x0000000002d1d6e8]
Event: 0.897 Thread 0x00000000172b9000 1366       2       com.android.dx.rop.code.Insn::canThrow (8 bytes)
Event: 0.897 Thread 0x00000000172b9000 nmethod 1366 0x0000000002d1d810 code [0x0000000002d1d980, 0x0000000002d1db28]
Event: 0.897 Thread 0x00000000172b9000 1373       2       com.android.dx.cf.code.Simulator$SimVisitor::visitNoArgs (2108 bytes)
Event: 0.902 Thread 0x00000000172b9000 nmethod 1373 0x0000000002d1dc10 code [0x0000000002d1e640, 0x0000000002d21d48]
Event: 0.903 Thread 0x00000000172b9000 1379 %     3       com.android.dx.ssa.SsaConverter::placePhiFunctions @ 103 (394 bytes)
Event: 0.906 Thread 0x00000000172b9000 nmethod 1379% 0x0000000002d26510 code [0x0000000002d26ac0, 0x0000000002d2a208]
Event: 0.907 Thread 0x00000000172b9000 1384 %     3       com.android.dx.ssa.SCCP::run @ 53 (298 bytes)
Event: 0.910 Thread 0x00000000172b9000 nmethod 1384% 0x0000000002d2dc90 code [0x0000000002d2e060, 0x0000000002d30088]
Event: 0.910 Thread 0x00000000172b9000 1385       2       com.android.dx.ssa.ConstCollector::getConstsSortedByCountUse (386 bytes)

GC Heap History (6 events):
Event: 0.626 GC heap before
{Heap before GC invocations=1 (full 0):
 PSYoungGen      total 38400K, used 33280K [0x00000000eab00000, 0x00000000ed580000, 0x0000000100000000)
  eden space 33280K, 100% used [0x00000000eab00000,0x00000000ecb80000,0x00000000ecb80000)
  from space 5120K, 0% used [0x00000000ed080000,0x00000000ed080000,0x00000000ed580000)
  to   space 5120K, 0% used [0x00000000ecb80000,0x00000000ecb80000,0x00000000ed080000)
 ParOldGen       total 87552K, used 0K [0x00000000c0000000, 0x00000000c5580000, 0x00000000eab00000)
  object space 87552K, 0% used [0x00000000c0000000,0x00000000c0000000,0x00000000c5580000)
 Metaspace       used 5840K, capacity 6768K, committed 7040K, reserved 1056768K
  class space    used 600K, capacity 616K, committed 640K, reserved 1048576K
Event: 0.633 GC heap after
Heap after GC invocations=1 (full 0):
 PSYoungGen      total 38400K, used 5106K [0x00000000eab00000, 0x00000000ef600000, 0x0000000100000000)
  eden space 33280K, 0% used [0x00000000eab00000,0x00000000eab00000,0x00000000ecb80000)
  from space 5120K, 99% used [0x00000000ecb80000,0x00000000ed07c950,0x00000000ed080000)
  to   space 5120K, 0% used [0x00000000ef100000,0x00000000ef100000,0x00000000ef600000)
 ParOldGen       total 87552K, used 754K [0x00000000c0000000, 0x00000000c5580000, 0x00000000eab00000)
  object space 87552K, 0% used [0x00000000c0000000,0x00000000c00bc8b0,0x00000000c5580000)
 Metaspace       used 5840K, capacity 6768K, committed 7040K, reserved 1056768K
  class space    used 600K, capacity 616K, committed 640K, reserved 1048576K
}
Event: 0.804 GC heap before
{Heap before GC invocations=2 (full 0):
 PSYoungGen      total 38400K, used 38386K [0x00000000eab00000, 0x00000000ef600000, 0x0000000100000000)
  eden space 33280K, 100% used [0x00000000eab00000,0x00000000ecb80000,0x00000000ecb80000)
  from space 5120K, 99% used [0x00000000ecb80000,0x00000000ed07c950,0x00000000ed080000)
  to   space 5120K, 0% used [0x00000000ef100000,0x00000000ef100000,0x00000000ef600000)
 ParOldGen       total 87552K, used 756K [0x00000000c0000000, 0x00000000c5580000, 0x00000000eab00000)
  object space 87552K, 0% used [0x00000000c0000000,0x00000000c00bd248,0x00000000c5580000)
 Metaspace       used 6130K, capacity 7024K, committed 7296K, reserved 1056768K
  class space    used 601K, capacity 616K, committed 640K, reserved 1048576K
Event: 0.819 GC heap after
Heap after GC invocations=2 (full 0):
 PSYoungGen      total 71680K, used 5089K [0x00000000eab00000, 0x00000000ef600000, 0x0000000100000000)
  eden space 66560K, 0% used [0x00000000eab00000,0x00000000eab00000,0x00000000eec00000)
  from space 5120K, 99% used [0x00000000ef100000,0x00000000ef5f8780,0x00000000ef600000)
  to   space 5120K, 0% used [0x00000000eec00000,0x00000000eec00000,0x00000000ef100000)
 ParOldGen       total 87552K, used 5144K [0x00000000c0000000, 0x00000000c5580000, 0x00000000eab00000)
  object space 87552K, 5% used [0x00000000c0000000,0x00000000c0506058,0x00000000c5580000)
 Metaspace       used 6130K, capacity 7024K, committed 7296K, reserved 1056768K
  class space    used 601K, capacity 616K, committed 640K, reserved 1048576K
}
Event: 0.820 GC heap before
{Heap before GC invocations=3 (full 0):
 PSYoungGen      total 71680K, used 6797K [0x00000000eab00000, 0x00000000ef600000, 0x0000000100000000)
  eden space 66560K, 2% used [0x00000000eab00000,0x00000000eacab010,0x00000000eec00000)
  from space 5120K, 99% used [0x00000000ef100000,0x00000000ef5f8780,0x00000000ef600000)
  to   space 5120K, 0% used [0x00000000eec00000,0x00000000eec00000,0x00000000ef100000)
 ParOldGen       total 87552K, used 5144K [0x00000000c0000000, 0x00000000c5580000, 0x00000000eab00000)
  object space 87552K, 5% used [0x00000000c0000000,0x00000000c0506058,0x00000000c5580000)
 Metaspace       used 6130K, capacity 7024K, committed 7296K, reserved 1056768K
  class space    used 601K, capacity 616K, committed 640K, reserved 1048576K
Event: 0.827 GC heap after
Heap after GC invocations=3 (full 0):
 PSYoungGen      total 71680K, used 5119K [0x00000000eab00000, 0x00000000f3700000, 0x0000000100000000)
  eden space 66560K, 0% used [0x00000000eab00000,0x00000000eab00000,0x00000000eec00000)
  from space 5120K, 99% used [0x00000000eec00000,0x00000000ef0fff70,0x00000000ef100000)
  to   space 5120K, 0% used [0x00000000f3200000,0x00000000f3200000,0x00000000f3700000)
 ParOldGen       total 87552K, used 5208K [0x00000000c0000000, 0x00000000c5580000, 0x00000000eab00000)
  object space 87552K, 5% used [0x00000000c0000000,0x00000000c0516058,0x00000000c5580000)
 Metaspace       used 6130K, capacity 7024K, committed 7296K, reserved 1056768K
  class space    used 601K, capacity 616K, committed 640K, reserved 1048576K
}

Deoptimization events (10 events):
Event: 0.781 Thread 0x0000000002750800 Uncommon trap: reason=unstable_if action=reinterpret pc=0x0000000002b24fb4 method=com.android.dx.rop.code.RegisterSpecSet.put(Lcom/android/dx/rop/code/RegisterSpec;)V @ 77
Event: 0.845 Thread 0x00000000175f4000 Uncommon trap: reason=unstable_if action=reinterpret pc=0x0000000002bbd954 method=com.android.dx.rop.code.RegisterSpec.equals(ILcom/android/dx/rop/type/TypeBearer;Lcom/android/dx/rop/code/LocalItem;)Z @ 42
Event: 0.867 Thread 0x00000000175f4000 Uncommon trap: reason=bimorphic action=maybe_recompile pc=0x0000000002bb3978 method=java.util.HashMap.getNode(ILjava/lang/Object;)Ljava/util/HashMap$Node; @ 126
Event: 0.867 Thread 0x00000000175f4000 Uncommon trap: reason=class_check action=maybe_recompile pc=0x0000000002c18ab4 method=java.util.HashMap.putVal(ILjava/lang/Object;Ljava/lang/Object;ZZ)Ljava/lang/Object; @ 203
Event: 0.867 Thread 0x00000000175f4000 Uncommon trap: reason=bimorphic action=maybe_recompile pc=0x0000000002bb3978 method=java.util.HashMap.getNode(ILjava/lang/Object;)Ljava/util/HashMap$Node; @ 126
Event: 0.867 Thread 0x00000000175f4000 Uncommon trap: reason=class_check action=maybe_recompile pc=0x0000000002c18ab4 method=java.util.HashMap.putVal(ILjava/lang/Object;Ljava/lang/Object;ZZ)Ljava/lang/Object; @ 203
Event: 0.867 Thread 0x00000000175f4000 Uncommon trap: reason=bimorphic action=maybe_recompile pc=0x0000000002bb3978 method=java.util.HashMap.getNode(ILjava/lang/Object;)Ljava/util/HashMap$Node; @ 126
Event: 0.867 Thread 0x00000000175f4000 Uncommon trap: reason=bimorphic action=maybe_recompile pc=0x0000000002bb3978 method=java.util.HashMap.getNode(ILjava/lang/Object;)Ljava/util/HashMap$Node; @ 126
Event: 0.867 Thread 0x00000000175f4000 Uncommon trap: reason=class_check action=maybe_recompile pc=0x0000000002c18ab4 method=java.util.HashMap.putVal(ILjava/lang/Object;Ljava/lang/Object;ZZ)Ljava/lang/Object; @ 203
Event: 0.883 Thread 0x0000000017540000 Uncommon trap: reason=unstable_if action=reinterpret pc=0x0000000002c0259c method=com.android.dx.ssa.SsaMethod.updateOneDefinition(Lcom/android/dx/ssa/SsaInsn;Lcom/android/dx/rop/code/RegisterSpec;)V @ 4

Internal exceptions (2 events):
Event: 0.156 Thread 0x0000000002750800 Exception <a 'java/lang/NoSuchMethodError': Method sun.misc.Unsafe.defineClass(Ljava/lang/String;[BII)Ljava/lang/Class; name or signature does not match> (0x00000000eab07cc0) thrown at [D:\re\workspace\8-2-build-windows-amd64-cygwin\jdk8u92\6642\hotspot\srcÆhî«Ä?
Event: 0.156 Thread 0x0000000002750800 Exception <a 'java/lang/NoSuchMethodError': Method sun.misc.Unsafe.prefetchRead(Ljava/lang/Object;J)V name or signature does not match> (0x00000000eab07fa8) thrown at [D:\re\workspace\8-2-build-windows-amd64-cygwin\jdk8u92\6642\hotspot\src\share\vm\prims\j

Events (10 events):
Event: 0.867 Thread 0x00000000175f4000 DEOPT PACKING pc=0x0000000002bb3978 sp=0x0000000018c4e3f0
Event: 0.867 Thread 0x00000000175f4000 DEOPT UNPACKING pc=0x000000000289582a sp=0x0000000018c4e370 mode 2
Event: 0.867 Thread 0x00000000175f4000 Uncommon trap: trap_request=0xffffffde fr.pc=0x0000000002c18ab4
Event: 0.867 Thread 0x00000000175f4000 DEOPT PACKING pc=0x0000000002c18ab4 sp=0x0000000018c4e750
Event: 0.867 Thread 0x00000000175f4000 DEOPT UNPACKING pc=0x000000000289582a sp=0x0000000018c4e6c8 mode 2
Event: 0.883 loading class com/android/dx/rop/code/RegOps
Event: 0.883 loading class com/android/dx/rop/code/RegOps done
Event: 0.883 Thread 0x0000000017540000 Uncommon trap: trap_request=0xffffff65 fr.pc=0x0000000002c0259c
Event: 0.883 Thread 0x0000000017540000 DEOPT PACKING pc=0x0000000002c0259c sp=0x000000001894e960
Event: 0.883 Thread 0x0000000017540000 DEOPT UNPACKING pc=0x000000000289582a sp=0x000000001894e908 mode 2


Dynamic libraries:
0x00007ff796dc0000 - 0x00007ff796df7000 	D:\jdk1.8.0_92\bin\java.exe
0x00007ffcf7f60000 - 0x00007ffcf810d000 	C:\WINDOWS\SYSTEM32\ntdll.dll
0x00007ffcf7490000 - 0x00007ffcf75ce000 	C:\WINDOWS\system32\KERNEL32.DLL
0x00007ffcf5410000 - 0x00007ffcf5525000 	C:\WINDOWS\system32\KERNELBASE.dll
0x00007ffcf3c50000 - 0x00007ffcf3cde000 	C:\WINDOWS\system32\apphelp.dll
0x00007ffcdf670000 - 0x00007ffcdf6c3000 	C:\WINDOWS\AppPatch\AppPatch64\AcGenral.DLL
0x00007ffcf7d00000 - 0x00007ffcf7daa000 	C:\WINDOWS\system32\msvcrt.dll
0x00007ffcf4f50000 - 0x00007ffcf4f7e000 	C:\WINDOWS\SYSTEM32\SspiCli.dll
0x00007ffcf7a30000 - 0x00007ffcf7a84000 	C:\WINDOWS\system32\SHLWAPI.dll
0x00007ffcf78b0000 - 0x00007ffcf7a27000 	C:\WINDOWS\system32\USER32.dll
0x00007ffcf6f20000 - 0x00007ffcf70b4000 	C:\WINDOWS\system32\ole32.dll
0x00007ffcf55e0000 - 0x00007ffcf6b0a000 	C:\WINDOWS\system32\SHELL32.dll
0x00007ffcf4720000 - 0x00007ffcf4741000 	C:\WINDOWS\SYSTEM32\USERENV.dll
0x00007ffcf76a0000 - 0x00007ffcf774a000 	C:\WINDOWS\system32\ADVAPI32.dll
0x00007ffce6a50000 - 0x00007ffce6a6e000 	C:\WINDOWS\SYSTEM32\MPR.dll
0x00007ffcf7e10000 - 0x00007ffcf7f51000 	C:\WINDOWS\system32\RPCRT4.dll
0x00007ffcf7190000 - 0x00007ffcf71e9000 	C:\WINDOWS\SYSTEM32\sechost.dll
0x00007ffcf7270000 - 0x00007ffcf7481000 	C:\WINDOWS\SYSTEM32\combase.dll
0x00007ffcf7aa0000 - 0x00007ffcf7bf0000 	C:\WINDOWS\system32\GDI32.dll
0x00007ffcf50b0000 - 0x00007ffcf50c5000 	C:\WINDOWS\SYSTEM32\profapi.dll
0x00007ffcf3b70000 - 0x00007ffcf3c22000 	C:\WINDOWS\SYSTEM32\SHCORE.dll
0x00007ffcf7cc0000 - 0x00007ffcf7cf6000 	C:\WINDOWS\system32\IMM32.DLL
0x00007ffcf7750000 - 0x00007ffcf78a2000 	C:\WINDOWS\system32\MSCTF.dll
0x00007ffcf2cf0000 - 0x00007ffcf2f6b000 	C:\WINDOWS\WinSxS\amd64_microsoft.windows.common-controls_6595b64144ccf1df_6.0.9600.18006_none_623f33d3ecbe86e8\COMCTL32.dll
0x0000000071b10000 - 0x0000000071be2000 	D:\jdk1.8.0_92\jre\bin\msvcr100.dll
0x0000000072040000 - 0x00000000728d6000 	D:\jdk1.8.0_92\jre\bin\server\jvm.dll
0x00007ffceb3d0000 - 0x00007ffceb3d9000 	C:\WINDOWS\SYSTEM32\WSOCK32.dll
0x00007ffcf15f0000 - 0x00007ffcf1612000 	C:\WINDOWS\SYSTEM32\WINMM.dll
0x00007ffcf1b20000 - 0x00007ffcf1b2a000 	C:\WINDOWS\SYSTEM32\VERSION.dll
0x00007ffcf7a90000 - 0x00007ffcf7a97000 	C:\WINDOWS\system32\PSAPI.DLL
0x00007ffcf7db0000 - 0x00007ffcf7e0a000 	C:\WINDOWS\system32\WS2_32.dll
0x00007ffcf1540000 - 0x00007ffcf156a000 	C:\WINDOWS\SYSTEM32\WINMMBASE.dll
0x00007ffcf7690000 - 0x00007ffcf7699000 	C:\WINDOWS\system32\NSI.dll
0x00007ffcf5590000 - 0x00007ffcf55df000 	C:\WINDOWS\SYSTEM32\cfgmgr32.dll
0x00007ffcf3eb0000 - 0x00007ffcf3ed8000 	C:\WINDOWS\SYSTEM32\DEVOBJ.dll
0x0000000072eb0000 - 0x0000000072ebf000 	D:\jdk1.8.0_92\jre\bin\verify.dll
0x0000000072e80000 - 0x0000000072ea9000 	D:\jdk1.8.0_92\jre\bin\java.dll
0x0000000071f40000 - 0x0000000071f56000 	D:\jdk1.8.0_92\jre\bin\zip.dll
0x00007ffce9a50000 - 0x00007ffce9bd9000 	C:\WINDOWS\SYSTEM32\dbghelp.dll

VM Arguments:
jvm_args: -Djava.awt.headless=true -Xmx1024M -Dfile.encoding=windows-1250 -Duser.country=PL -Duser.language=pl -Duser.variant 
java_command: com.android.dx.command.Main --dex --force-jumbo --num-threads=4 --output D:\android_studio_workspace\NetworkConnect\Application\build\intermediates\pre-dexed\debug\com.android.support-support-v4-23.1.0_b698f23055a012f7f7b8af40f138fe3fe3587f2e.jar D:\android_studio_workspace\NetworkConnect\Application\build\intermediates\exploded-aar\com.android.support\support-v4\23.1.0\jars\classes.jar
java_class_path (initial): D:\Android\sdk\build-tools\23.0.2\lib\dx.jar
Launcher Type: SUN_STANDARD

Environment Variables:
JAVA_HOME=D:\jdk1.8.0_92
PATH=d:\Program Files (x86)\Atmel\AVR Tools\AVR Toolchain\bin;C:\ProgramData\Oracle\Java\javapath;D:\Program Files (x86)\Pololu\Maestro\bin;d:\Program Files\CollabNet\Subversion Client;C:\Program Files (x86)\NVIDIA Corporation\PhysX\Common;d:\WinAVR-20100110\bin;C:\Program Files (x86)\AMD APP\bin\x86_64;C:\Program Files (x86)\AMD APP\bin\x86;C:\WINDOWS\system32;C:\WINDOWS;C:\WINDOWS\System32\Wbem;C:\WINDOWS\System32\WindowsPowerShell\v1.0\;C:\Program Files\Java\jre7\bin;D:\openocd-0.8.0\bin-x64;d:\Program Files\MATLAB\R2014a\runtime\win64;d:\Program Files\MATLAB\R2014a\bin;d:\Program Files\MATLAB\R2014a\polyspace\bin;d:\CooCox\CoIDE\gcc\bin;D:\GNU Tools ARM Embedded\4.8 2014q1\bin;C:\Program Files (x86)\Skype\Phone;D:\GNU Tools ARM Embedded\5.2 2015q4\bin;C:\msys\1.0\bin;d:\Program Files\Git\cmd;D:\Program Files\TortoiseGit\bin;d:\Program Files (x86)\Atmel\Flip 3.4.7\bin
USERNAME=Pawe³
OS=Windows_NT
PROCESSOR_IDENTIFIER=AMD64 Family 21 Model 2 Stepping 0, AuthenticAMD



---------------  S Y S T E M  ---------------

OS: Windows 8.1 , 64 bit Build 9600 (6.3.9600.17415)

CPU:total 8 (8 cores per cpu, 1 threads per core) family 21 model 2 stepping 0, cmov, cx8, fxsr, mmx, sse, sse2, sse3, ssse3, sse4.1, sse4.2, popcnt, avx, aes, clmul, mmxext, 3dnowpref, lzcnt, sse4a, tsc, tscinvbit, tscinv, bmi1

Memory: 4k page, physical 8285808k(5017736k free), swap 9596528k(5660040k free)

vm_info: Java HotSpot(TM) 64-Bit Server VM (25.92-b14) for windows-amd64 JRE (1.8.0_92-b14), built on Mar 31 2016 21:03:04 by "java_re" with MS VC++ 10.0 (VS2010)

time: Wed Apr 27 21:08:44 2016
elapsed time: 0 seconds (0d 0h 0m 0s)

